## SLURM PROLOG ###############################################################
##    Job ID : 12348024
##  Job Name : stalk_pca
##  Nodelist : node2352
##      CPUs : 32
##   Mem/CPU : 2800 MB
## Directory : /oscar/home/snirenbe/stalk_pca/examples/nexus/sn2_pca
##   Job Started : Sun Aug 17 10:36:06 AM EDT 2025
###############################################################################

The following have been reloaded with a version change:
  1) python/3.9.16s-x3wdtvt => python/3.11.0s-ixrhc3q

Traceback (most recent call last):
  File "/users/snirenbe/stalk_pca/stalk/lsi/PathwayImage.py", line 136, in calculate_hessian
    hessian_array = loadtxt(hessian_file, ndmin=2)
                    ^^^^^^^^^^^^^^^^^^^^^^^^^^^^^^
  File "/users/snirenbe/stalk_venv/lib64/python3.11/site-packages/numpy/lib/_npyio_impl.py", line 1397, in loadtxt
    arr = _read(fname, dtype=dtype, comment=comment, delimiter=delimiter,
          ^^^^^^^^^^^^^^^^^^^^^^^^^^^^^^^^^^^^^^^^^^^^^^^^^^^^^^^^^^^^^^^
  File "/users/snirenbe/stalk_venv/lib64/python3.11/site-packages/numpy/lib/_npyio_impl.py", line 1024, in _read
    fh = np.lib._datasource.open(fname, 'rt', encoding=encoding)
         ^^^^^^^^^^^^^^^^^^^^^^^^^^^^^^^^^^^^^^^^^^^^^^^^^^^^^^^
  File "/users/snirenbe/stalk_venv/lib64/python3.11/site-packages/numpy/lib/_datasource.py", line 192, in open
    return ds.open(path, mode, encoding=encoding, newline=newline)
           ^^^^^^^^^^^^^^^^^^^^^^^^^^^^^^^^^^^^^^^^^^^^^^^^^^^^^^^
  File "/users/snirenbe/stalk_venv/lib64/python3.11/site-packages/numpy/lib/_datasource.py", line 529, in open
    raise FileNotFoundError(f"{path} not found.")
FileNotFoundError: tpw/image_0//hessian.dat not found.

During handling of the above exception, another exception occurred:

Traceback (most recent call last):
  File "/oscar/home/snirenbe/stalk_pca/examples/nexus/sn2_pca/run2_tpw_hessian.py", line 37, in <module>
    tpw.calculate_hessians(pes=pes_pyscf)
  File "/users/snirenbe/stalk_pca/stalk/lsi/TransitionPathway.py", line 194, in calculate_hessians
    image.calculate_hessian(
  File "/users/snirenbe/stalk_pca/stalk/lsi/PathwayImage.py", line 139, in calculate_hessian
    hessian.compute_fdiff(
  File "/users/snirenbe/stalk_pca/stalk/params/ParameterHessian.py", line 140, in compute_fdiff
    pes.evaluate_all(structure_list, **kwargs)
  File "/users/snirenbe/stalk_pca/stalk/nexus/NexusPes.py", line 128, in evaluate_all
    self._load_structure(structure, add_sigma=add_sigma, warn_limit=warn_limit)
  File "/users/snirenbe/stalk_pca/stalk/nexus/NexusPes.py", line 167, in _load_structure
    result = self.loader.load(structure)
             ^^^^^^^^^^^^^^^^^^^^^^^^^^^
  File "/users/snirenbe/stalk_pca/stalk/io/PesLoader.py", line 16, in load
    res = self._load(structure, **args)
          ^^^^^^^^^^^^^^^^^^^^^^^^^^^^^
  File "/users/snirenbe/stalk_pca/stalk/io/FilesLoader.py", line 21, in _load
    value, error = loadtxt('{}/{}'.format(path, suffix))
                   ^^^^^^^^^^^^^^^^^^^^^^^^^^^^^^^^^^^^^
  File "/users/snirenbe/stalk_venv/lib64/python3.11/site-packages/numpy/lib/_npyio_impl.py", line 1397, in loadtxt
    arr = _read(fname, dtype=dtype, comment=comment, delimiter=delimiter,
          ^^^^^^^^^^^^^^^^^^^^^^^^^^^^^^^^^^^^^^^^^^^^^^^^^^^^^^^^^^^^^^^
  File "/users/snirenbe/stalk_venv/lib64/python3.11/site-packages/numpy/lib/_npyio_impl.py", line 1024, in _read
    fh = np.lib._datasource.open(fname, 'rt', encoding=encoding)
         ^^^^^^^^^^^^^^^^^^^^^^^^^^^^^^^^^^^^^^^^^^^^^^^^^^^^^^^
  File "/users/snirenbe/stalk_venv/lib64/python3.11/site-packages/numpy/lib/_datasource.py", line 192, in open
    return ds.open(path, mode, encoding=encoding, newline=newline)
           ^^^^^^^^^^^^^^^^^^^^^^^^^^^^^^^^^^^^^^^^^^^^^^^^^^^^^^^
  File "/users/snirenbe/stalk_venv/lib64/python3.11/site-packages/numpy/lib/_datasource.py", line 529, in open
    raise FileNotFoundError(f"{path} not found.")
FileNotFoundError: NexusStructure (eqm)
  params:
    p0            0.4658 
    p1            0.1396 
    p2            0.0079 
    p3           -0.0003 
  consistent: yes
  pos (6 atoms)
    C     0.3791    0.0000    0.0000 
    H     0.0013    1.0265   -0.0000 
    H     0.0013   -0.5133    0.8890 
    H     0.0013   -0.5133   -0.8890 
    F    -2.1959    0.0000   -0.0000 
    F     1.8131    0.0000    0.0000 
  periodic: no/energy.dat not found.
